{"name":"test002","id":"com.bestbuy.bestbuyinfo.ProductsCrudWithSteps:test002","testCaseName":"com.bestbuy.bestbuyinfo.ProductsCrudWithSteps","testSteps":[{"number":1,"description":"Getting product information with name: Duracell - AA Batteries (8-Pack)15179","duration":28,"startTime":"2023-01-03T22:20:19.816Z[Europe/London]","exception":{"errorType":"java.lang.AssertionError","message":"1 expectation failed.\nExpected status code \u003c200\u003e but was \u003c404\u003e.\n","stackTrace":[{"declaringClass":"io.restassured.internal.ResponseSpecificationImpl","methodName":"validateResponseIfRequired","fileName":"ResponseSpecificationImpl.groovy","lineNumber":636},{"declaringClass":"io.restassured.internal.ResponseSpecificationImpl","methodName":"statusCode","fileName":"ResponseSpecificationImpl.groovy","lineNumber":122},{"declaringClass":"io.restassured.internal.ResponseSpecificationImpl","methodName":"statusCode","fileName":"ResponseSpecificationImpl.groovy","lineNumber":130},{"declaringClass":"io.restassured.internal.ValidatableResponseOptionsImpl","methodName":"statusCode","fileName":"ValidatableResponseOptionsImpl.java","lineNumber":117},{"declaringClass":"com.bestbuy.bestbuyinfo.ProductsSteps","methodName":"getProductInfoByName","fileName":"ProductsSteps.java","lineNumber":45},{"declaringClass":"com.bestbuy.bestbuyinfo.ProductsCrudWithSteps","methodName":"test002","fileName":"ProductsCrudWithSteps.java","lineNumber":46}]},"result":"FAILURE","precondition":false,"children":[{"number":2,"description":"GET http://localhost:3030/products/products\r\r","duration":0,"startTime":"2023-01-03T22:20:19.842Z[Europe/London]","result":"SUCCESS","restQuery":{"method":"GET","path":"http://localhost:3030/products/products\r\r","content":"\r","contentType":"null","requestHeaders":"Accept\u003d*/*\r\r","requestCookies":"\r\r","responseHeaders":"X-Powered-By: Express\nAccess-Control-Allow-Origin: *\nAllow: GET,POST,PUT,PATCH,DELETE\nContent-Type: application/json; charset\u003dutf-8\nContent-Length: 112\nETag: W/\"70-xJ5UjR3W1g9kMM+k5bkgE8svDdA\"\nVary: Accept-Encoding\nDate: Tue, 03 Jan 2023 22:20:19 GMT\nConnection: keep-alive\r","responseCookies":"\r","responseBody":"{\n    \"name\": \"NotFound\",\n    \"message\": \"No record found for id \u0027products\u0027\",\n    \"code\": 404,\n    \"className\": \"not-found\",\n    \"errors\": {\n        \n    }\n}","statusCode":404},"precondition":false}]}],"userStory":{"id":"com.bestbuy.bestbuyinfo.ProductsCrudWithSteps","storyName":"Products crud with steps","storyClassName":"com.bestbuy.bestbuyinfo.ProductsCrudWithSteps","path":"com.bestbuy.bestbuyinfo","type":"story"},"featureTag":{"name":"Bestbuyinfo/Products crud with steps","type":"story"},"title":"Verify if the product was added","tags":[{"name":"Bestbuyinfo/Products crud with steps","type":"story"}],"startTime":"2023-01-03T22:20:19.815Z[Europe/London]","duration":33,"testFailureCause":{"errorType":"java.lang.AssertionError","message":"1 expectation failed.\nExpected status code \u003c200\u003e but was \u003c404\u003e.\n","stackTrace":[{"declaringClass":"io.restassured.internal.ResponseSpecificationImpl","methodName":"validateResponseIfRequired","fileName":"ResponseSpecificationImpl.groovy","lineNumber":636},{"declaringClass":"io.restassured.internal.ResponseSpecificationImpl","methodName":"statusCode","fileName":"ResponseSpecificationImpl.groovy","lineNumber":122},{"declaringClass":"io.restassured.internal.ResponseSpecificationImpl","methodName":"statusCode","fileName":"ResponseSpecificationImpl.groovy","lineNumber":130},{"declaringClass":"io.restassured.internal.ValidatableResponseOptionsImpl","methodName":"statusCode","fileName":"ValidatableResponseOptionsImpl.java","lineNumber":117},{"declaringClass":"com.bestbuy.bestbuyinfo.ProductsSteps","methodName":"getProductInfoByName","fileName":"ProductsSteps.java","lineNumber":45},{"declaringClass":"com.bestbuy.bestbuyinfo.ProductsCrudWithSteps","methodName":"test002","fileName":"ProductsCrudWithSteps.java","lineNumber":46}]},"testFailureClassname":"java.lang.AssertionError","testFailureMessage":"1 expectation failed.\nExpected status code \u003c200\u003e but was \u003c404\u003e.\n","testFailureSummary":"FAILURE;java.lang.AssertionError;1 expectation failed.\nExpected status code \u003c200\u003e but was \u003c404\u003e.\n;ResponseSpecificationImpl.groovy","projectKey":"","annotatedResult":"FAILURE","manual":false,"testSource":"JUnit","result":"FAILURE"}